2026-01-04 00:15:49,342 [INFO] o.s.b.d.a.LocalDevToolsAutoConfiguration$RestartingClassPathChangeChangedEventListener [File Watcher] Restarting due to 1 class path change (0 additions, 0 deletions, 1 modification)
2026-01-04 00:15:49,364 [INFO] o.s.b.w.e.t.GracefulShutdown [Thread-7] Commencing graceful shutdown. Waiting for active requests to complete
2026-01-04 00:15:49,366 [INFO] o.s.b.w.e.t.GracefulShutdown [tomcat-shutdown] Graceful shutdown complete
2026-01-04 00:15:49,373 [INFO] o.s.o.j.LocalContainerEntityManagerFactoryBean [Thread-7] Closing JPA EntityManagerFactory for persistence unit 'default'
2026-01-04 00:15:49,377 [INFO] c.z.h.HikariDataSource [Thread-7] HikariPool-1 - Shutdown initiated...
2026-01-04 00:15:49,479 [INFO] c.z.h.HikariDataSource [Thread-7] HikariPool-1 - Shutdown completed.
2026-01-04 00:15:49,575 [INFO] c.s.W.SpringbootApplication [restartedMain] Starting SpringbootApplication using Java 21.0.9 with PID 86088 (/Users/shankarkumar/SpringBoot/Blogify/target/classes started by shankarkumar in /Users/shankarkumar/SpringBoot/Blogify)
2026-01-04 00:15:49,575 [DEBUG] c.s.W.SpringbootApplication [restartedMain] Running with Spring Boot v3.5.9, Spring v6.2.15
2026-01-04 00:15:49,575 [INFO] c.s.W.SpringbootApplication [restartedMain] No active profile set, falling back to 1 default profile: "default"
2026-01-04 00:15:49,975 [INFO] o.s.d.r.c.RepositoryConfigurationDelegate [restartedMain] Bootstrapping Spring Data JPA repositories in DEFAULT mode.
2026-01-04 00:15:49,985 [INFO] o.s.d.r.c.RepositoryConfigurationDelegate [restartedMain] Finished Spring Data repository scanning in 9 ms. Found 3 JPA repository interfaces.
2026-01-04 00:15:50,176 [INFO] o.s.b.w.e.t.TomcatWebServer [restartedMain] Tomcat initialized with port 8080 (http)
2026-01-04 00:15:50,177 [INFO] o.a.c.c.StandardService [restartedMain] Starting service [Tomcat]
2026-01-04 00:15:50,178 [INFO] o.a.c.c.StandardEngine [restartedMain] Starting Servlet engine: [Apache Tomcat/10.1.50]
2026-01-04 00:15:50,187 [INFO] o.a.c.c.C.[.[.[/] [restartedMain] Initializing Spring embedded WebApplicationContext
2026-01-04 00:15:50,187 [INFO] o.s.b.w.s.c.ServletWebServerApplicationContext [restartedMain] Root WebApplicationContext: initialization completed in 609 ms
2026-01-04 00:15:50,294 [INFO] o.h.j.i.u.LogHelper [restartedMain] HHH000204: Processing PersistenceUnitInfo [name: default]
2026-01-04 00:15:50,298 [INFO] o.h.c.i.RegionFactoryInitiator [restartedMain] HHH000026: Second-level cache disabled
2026-01-04 00:15:50,307 [INFO] o.s.o.j.p.SpringPersistenceUnitInfo [restartedMain] No LoadTimeWeaver setup: ignoring JPA class transformer
2026-01-04 00:15:50,308 [INFO] c.z.h.HikariDataSource [restartedMain] HikariPool-2 - Starting...
2026-01-04 00:15:50,310 [INFO] c.z.h.p.HikariPool [restartedMain] HikariPool-2 - Added connection conn68: url=jdbc:h2:mem:testdb user=SA
2026-01-04 00:15:50,310 [INFO] c.z.h.HikariDataSource [restartedMain] HikariPool-2 - Start completed.
2026-01-04 00:15:50,310 [WARN] o.h.o.deprecation [restartedMain] HHH90000025: H2Dialect does not need to be specified explicitly using 'hibernate.dialect' (remove the property setting and it will be selected by default)
2026-01-04 00:15:50,311 [INFO] o.h.o.c.pooling [restartedMain] HHH10001005: Database info:
	Database JDBC URL [Connecting through datasource 'HikariDataSource (HikariPool-2)']
	Database driver: undefined/unknown
	Database version: 2.3.232
	Autocommit mode: undefined/unknown
	Isolation level: undefined/unknown
	Minimum pool size: undefined/unknown
	Maximum pool size: undefined/unknown
2026-01-04 00:15:50,384 [INFO] o.h.e.t.j.p.i.JtaPlatformInitiator [restartedMain] HHH000489: No JTA platform available (set 'hibernate.transaction.jta.platform' to enable JTA platform integration)
2026-01-04 00:15:50,402 [INFO] o.s.o.j.LocalContainerEntityManagerFactoryBean [restartedMain] Initialized JPA EntityManagerFactory for persistence unit 'default'
2026-01-04 00:15:50,525 [WARN] o.s.b.a.o.j.JpaBaseConfiguration$JpaWebConfiguration [restartedMain] spring.jpa.open-in-view is enabled by default. Therefore, database queries may be performed during view rendering. Explicitly configure spring.jpa.open-in-view to disable this warning
2026-01-04 00:15:50,650 [INFO] o.s.b.a.e.w.EndpointLinksResolver [restartedMain] Exposing 1 endpoint beneath base path '/actuator'
2026-01-04 00:15:50,668 [INFO] o.s.s.c.a.a.c.InitializeUserDetailsBeanManagerConfigurer$InitializeUserDetailsManagerConfigurer [restartedMain] Global AuthenticationManager configured with UserDetailsService bean with name accountService
2026-01-04 00:15:50,827 [INFO] o.s.b.d.a.OptionalLiveReloadServer [restartedMain] LiveReload server is running on port 35729
2026-01-04 00:15:50,843 [INFO] o.s.b.w.e.t.TomcatWebServer [restartedMain] Tomcat started on port 8080 (http) with context path '/'
2026-01-04 00:15:50,851 [INFO] c.s.W.SpringbootApplication [restartedMain] Started SpringbootApplication in 1.307 seconds (process running for 9635.255)
2026-01-04 00:15:51,412 [INFO] o.s.b.d.a.ConditionEvaluationDeltaLoggingListener [restartedMain] Condition evaluation unchanged
2026-01-04 00:16:51,926 [INFO] o.s.b.d.a.LocalDevToolsAutoConfiguration$RestartingClassPathChangeChangedEventListener [File Watcher] Restarting due to 1 class path change (0 additions, 0 deletions, 1 modification)
2026-01-04 00:16:51,929 [INFO] o.s.b.w.e.t.GracefulShutdown [Thread-9] Commencing graceful shutdown. Waiting for active requests to complete
2026-01-04 00:16:51,933 [INFO] o.s.b.w.e.t.GracefulShutdown [tomcat-shutdown] Graceful shutdown complete
2026-01-04 00:16:51,937 [INFO] o.s.o.j.LocalContainerEntityManagerFactoryBean [Thread-9] Closing JPA EntityManagerFactory for persistence unit 'default'
2026-01-04 00:16:51,942 [WARN] o.s.b.f.s.DisposableBeanAdapter [Thread-9] Invocation of destroy method failed on bean with name 'inMemoryDatabaseShutdownExecutor': org.h2.jdbc.JdbcSQLNonTransientConnectionException: Database is already closed (to disable automatic closing at VM shutdown, add ";DB_CLOSE_ON_EXIT=FALSE" to the db URL) [90121-232]
2026-01-04 00:16:51,943 [INFO] c.z.h.HikariDataSource [Thread-9] HikariPool-2 - Shutdown initiated...
2026-01-04 00:16:51,944 [INFO] c.z.h.HikariDataSource [Thread-9] HikariPool-2 - Shutdown completed.
2026-01-04 00:16:52,019 [INFO] c.s.W.SpringbootApplication [restartedMain] Starting SpringbootApplication using Java 21.0.9 with PID 86088 (/Users/shankarkumar/SpringBoot/Blogify/target/classes started by shankarkumar in /Users/shankarkumar/SpringBoot/Blogify)
2026-01-04 00:16:52,020 [DEBUG] c.s.W.SpringbootApplication [restartedMain] Running with Spring Boot v3.5.9, Spring v6.2.15
2026-01-04 00:16:52,020 [INFO] c.s.W.SpringbootApplication [restartedMain] No active profile set, falling back to 1 default profile: "default"
2026-01-04 00:16:52,148 [INFO] o.s.d.r.c.RepositoryConfigurationDelegate [restartedMain] Bootstrapping Spring Data JPA repositories in DEFAULT mode.
2026-01-04 00:16:52,154 [INFO] o.s.d.r.c.RepositoryConfigurationDelegate [restartedMain] Finished Spring Data repository scanning in 5 ms. Found 3 JPA repository interfaces.
2026-01-04 00:16:52,224 [INFO] o.s.b.w.e.t.TomcatWebServer [restartedMain] Tomcat initialized with port 8080 (http)
2026-01-04 00:16:52,225 [INFO] o.a.c.c.StandardService [restartedMain] Starting service [Tomcat]
2026-01-04 00:16:52,225 [INFO] o.a.c.c.StandardEngine [restartedMain] Starting Servlet engine: [Apache Tomcat/10.1.50]
2026-01-04 00:16:52,234 [INFO] o.a.c.c.C.[.[.[/] [restartedMain] Initializing Spring embedded WebApplicationContext
2026-01-04 00:16:52,235 [INFO] o.s.b.w.s.c.ServletWebServerApplicationContext [restartedMain] Root WebApplicationContext: initialization completed in 214 ms
2026-01-04 00:16:52,283 [INFO] o.h.j.i.u.LogHelper [restartedMain] HHH000204: Processing PersistenceUnitInfo [name: default]
2026-01-04 00:16:52,284 [INFO] o.h.c.i.RegionFactoryInitiator [restartedMain] HHH000026: Second-level cache disabled
2026-01-04 00:16:52,289 [INFO] o.s.o.j.p.SpringPersistenceUnitInfo [restartedMain] No LoadTimeWeaver setup: ignoring JPA class transformer
2026-01-04 00:16:52,290 [INFO] c.z.h.HikariDataSource [restartedMain] HikariPool-3 - Starting...
2026-01-04 00:16:52,292 [INFO] c.z.h.p.HikariPool [restartedMain] HikariPool-3 - Added connection conn78: url=jdbc:h2:mem:testdb user=SA
2026-01-04 00:16:52,292 [INFO] c.z.h.HikariDataSource [restartedMain] HikariPool-3 - Start completed.
2026-01-04 00:16:52,292 [WARN] o.h.o.deprecation [restartedMain] HHH90000025: H2Dialect does not need to be specified explicitly using 'hibernate.dialect' (remove the property setting and it will be selected by default)
2026-01-04 00:16:52,292 [INFO] o.h.o.c.pooling [restartedMain] HHH10001005: Database info:
	Database JDBC URL [Connecting through datasource 'HikariDataSource (HikariPool-3)']
	Database driver: undefined/unknown
	Database version: 2.3.232
	Autocommit mode: undefined/unknown
	Isolation level: undefined/unknown
	Minimum pool size: undefined/unknown
	Maximum pool size: undefined/unknown
2026-01-04 00:16:52,364 [INFO] o.h.e.t.j.p.i.JtaPlatformInitiator [restartedMain] HHH000489: No JTA platform available (set 'hibernate.transaction.jta.platform' to enable JTA platform integration)
2026-01-04 00:16:52,372 [INFO] o.s.o.j.LocalContainerEntityManagerFactoryBean [restartedMain] Initialized JPA EntityManagerFactory for persistence unit 'default'
2026-01-04 00:16:52,454 [WARN] o.s.b.a.o.j.JpaBaseConfiguration$JpaWebConfiguration [restartedMain] spring.jpa.open-in-view is enabled by default. Therefore, database queries may be performed during view rendering. Explicitly configure spring.jpa.open-in-view to disable this warning
2026-01-04 00:16:52,513 [INFO] o.s.b.a.e.w.EndpointLinksResolver [restartedMain] Exposing 1 endpoint beneath base path '/actuator'
2026-01-04 00:16:52,522 [INFO] o.s.s.c.a.a.c.InitializeUserDetailsBeanManagerConfigurer$InitializeUserDetailsManagerConfigurer [restartedMain] Global AuthenticationManager configured with UserDetailsService bean with name accountService
2026-01-04 00:16:52,585 [INFO] o.s.b.d.a.OptionalLiveReloadServer [restartedMain] LiveReload server is running on port 35729
2026-01-04 00:16:52,594 [INFO] o.s.b.w.e.t.TomcatWebServer [restartedMain] Tomcat started on port 8080 (http) with context path '/'
2026-01-04 00:16:52,598 [INFO] c.s.W.SpringbootApplication [restartedMain] Started SpringbootApplication in 0.596 seconds (process running for 9697.002)
2026-01-04 00:16:53,106 [INFO] o.s.b.d.a.ConditionEvaluationDeltaLoggingListener [restartedMain] Condition evaluation unchanged
2026-01-04 00:21:23,040 [INFO] o.s.b.d.a.LocalDevToolsAutoConfiguration$RestartingClassPathChangeChangedEventListener [File Watcher] Restarting due to 1 class path change (0 additions, 0 deletions, 1 modification)
2026-01-04 00:21:23,042 [INFO] o.s.b.w.e.t.GracefulShutdown [Thread-13] Commencing graceful shutdown. Waiting for active requests to complete
2026-01-04 00:21:23,044 [INFO] o.s.b.w.e.t.GracefulShutdown [tomcat-shutdown] Graceful shutdown complete
2026-01-04 00:21:23,047 [INFO] o.s.o.j.LocalContainerEntityManagerFactoryBean [Thread-13] Closing JPA EntityManagerFactory for persistence unit 'default'
2026-01-04 00:21:23,048 [WARN] o.s.b.f.s.DisposableBeanAdapter [Thread-13] Invocation of destroy method failed on bean with name 'inMemoryDatabaseShutdownExecutor': org.h2.jdbc.JdbcSQLNonTransientConnectionException: Database is already closed (to disable automatic closing at VM shutdown, add ";DB_CLOSE_ON_EXIT=FALSE" to the db URL) [90121-232]
2026-01-04 00:21:23,048 [INFO] c.z.h.HikariDataSource [Thread-13] HikariPool-3 - Shutdown initiated...
2026-01-04 00:21:23,049 [INFO] c.z.h.HikariDataSource [Thread-13] HikariPool-3 - Shutdown completed.
2026-01-04 00:21:23,099 [INFO] c.s.W.SpringbootApplication [restartedMain] Starting SpringbootApplication using Java 21.0.9 with PID 86088 (/Users/shankarkumar/SpringBoot/Blogify/target/classes started by shankarkumar in /Users/shankarkumar/SpringBoot/Blogify)
2026-01-04 00:21:23,099 [DEBUG] c.s.W.SpringbootApplication [restartedMain] Running with Spring Boot v3.5.9, Spring v6.2.15
2026-01-04 00:21:23,099 [INFO] c.s.W.SpringbootApplication [restartedMain] No active profile set, falling back to 1 default profile: "default"
2026-01-04 00:21:23,243 [INFO] o.s.d.r.c.RepositoryConfigurationDelegate [restartedMain] Bootstrapping Spring Data JPA repositories in DEFAULT mode.
2026-01-04 00:21:23,250 [INFO] o.s.d.r.c.RepositoryConfigurationDelegate [restartedMain] Finished Spring Data repository scanning in 6 ms. Found 3 JPA repository interfaces.
2026-01-04 00:21:23,300 [INFO] o.s.b.w.e.t.TomcatWebServer [restartedMain] Tomcat initialized with port 8080 (http)
2026-01-04 00:21:23,301 [INFO] o.a.c.c.StandardService [restartedMain] Starting service [Tomcat]
2026-01-04 00:21:23,301 [INFO] o.a.c.c.StandardEngine [restartedMain] Starting Servlet engine: [Apache Tomcat/10.1.50]
2026-01-04 00:21:23,307 [INFO] o.a.c.c.C.[.[.[/] [restartedMain] Initializing Spring embedded WebApplicationContext
2026-01-04 00:21:23,307 [INFO] o.s.b.w.s.c.ServletWebServerApplicationContext [restartedMain] Root WebApplicationContext: initialization completed in 206 ms
2026-01-04 00:21:23,343 [INFO] o.h.j.i.u.LogHelper [restartedMain] HHH000204: Processing PersistenceUnitInfo [name: default]
2026-01-04 00:21:23,344 [INFO] o.h.c.i.RegionFactoryInitiator [restartedMain] HHH000026: Second-level cache disabled
2026-01-04 00:21:23,349 [INFO] o.s.o.j.p.SpringPersistenceUnitInfo [restartedMain] No LoadTimeWeaver setup: ignoring JPA class transformer
2026-01-04 00:21:23,350 [INFO] c.z.h.HikariDataSource [restartedMain] HikariPool-4 - Starting...
2026-01-04 00:21:23,352 [INFO] c.z.h.p.HikariPool [restartedMain] HikariPool-4 - Added connection conn88: url=jdbc:h2:mem:testdb user=SA
2026-01-04 00:21:23,352 [INFO] c.z.h.HikariDataSource [restartedMain] HikariPool-4 - Start completed.
2026-01-04 00:21:23,352 [WARN] o.h.o.deprecation [restartedMain] HHH90000025: H2Dialect does not need to be specified explicitly using 'hibernate.dialect' (remove the property setting and it will be selected by default)
2026-01-04 00:21:23,353 [INFO] o.h.o.c.pooling [restartedMain] HHH10001005: Database info:
	Database JDBC URL [Connecting through datasource 'HikariDataSource (HikariPool-4)']
	Database driver: undefined/unknown
	Database version: 2.3.232
	Autocommit mode: undefined/unknown
	Isolation level: undefined/unknown
	Minimum pool size: undefined/unknown
	Maximum pool size: undefined/unknown
2026-01-04 00:21:23,403 [INFO] o.h.e.t.j.p.i.JtaPlatformInitiator [restartedMain] HHH000489: No JTA platform available (set 'hibernate.transaction.jta.platform' to enable JTA platform integration)
2026-01-04 00:21:23,409 [INFO] o.s.o.j.LocalContainerEntityManagerFactoryBean [restartedMain] Initialized JPA EntityManagerFactory for persistence unit 'default'
2026-01-04 00:21:23,474 [WARN] o.s.b.a.o.j.JpaBaseConfiguration$JpaWebConfiguration [restartedMain] spring.jpa.open-in-view is enabled by default. Therefore, database queries may be performed during view rendering. Explicitly configure spring.jpa.open-in-view to disable this warning
2026-01-04 00:21:23,524 [INFO] o.s.b.a.e.w.EndpointLinksResolver [restartedMain] Exposing 1 endpoint beneath base path '/actuator'
2026-01-04 00:21:23,532 [INFO] o.s.s.c.a.a.c.InitializeUserDetailsBeanManagerConfigurer$InitializeUserDetailsManagerConfigurer [restartedMain] Global AuthenticationManager configured with UserDetailsService bean with name accountService
2026-01-04 00:21:23,595 [INFO] o.s.b.d.a.OptionalLiveReloadServer [restartedMain] LiveReload server is running on port 35729
2026-01-04 00:21:23,604 [INFO] o.s.b.w.e.t.TomcatWebServer [restartedMain] Tomcat started on port 8080 (http) with context path '/'
2026-01-04 00:21:23,608 [INFO] c.s.W.SpringbootApplication [restartedMain] Started SpringbootApplication in 0.521 seconds (process running for 9968.014)
2026-01-04 00:21:23,872 [INFO] o.s.b.d.a.ConditionEvaluationDeltaLoggingListener [restartedMain] Condition evaluation unchanged
2026-01-04 00:23:53,676 [INFO] o.s.b.d.a.LocalDevToolsAutoConfiguration$RestartingClassPathChangeChangedEventListener [File Watcher] Restarting due to 1 class path change (0 additions, 0 deletions, 1 modification)
2026-01-04 00:23:53,678 [INFO] o.s.b.w.e.t.GracefulShutdown [Thread-17] Commencing graceful shutdown. Waiting for active requests to complete
2026-01-04 00:23:53,680 [INFO] o.s.b.w.e.t.GracefulShutdown [tomcat-shutdown] Graceful shutdown complete
2026-01-04 00:23:53,682 [INFO] o.s.o.j.LocalContainerEntityManagerFactoryBean [Thread-17] Closing JPA EntityManagerFactory for persistence unit 'default'
2026-01-04 00:23:53,683 [WARN] o.s.b.f.s.DisposableBeanAdapter [Thread-17] Invocation of destroy method failed on bean with name 'inMemoryDatabaseShutdownExecutor': org.h2.jdbc.JdbcSQLNonTransientConnectionException: Database is already closed (to disable automatic closing at VM shutdown, add ";DB_CLOSE_ON_EXIT=FALSE" to the db URL) [90121-232]
2026-01-04 00:23:53,683 [INFO] c.z.h.HikariDataSource [Thread-17] HikariPool-4 - Shutdown initiated...
2026-01-04 00:23:53,684 [INFO] c.z.h.HikariDataSource [Thread-17] HikariPool-4 - Shutdown completed.
2026-01-04 00:23:53,733 [INFO] c.s.W.SpringbootApplication [restartedMain] Starting SpringbootApplication using Java 21.0.9 with PID 86088 (/Users/shankarkumar/SpringBoot/Blogify/target/classes started by shankarkumar in /Users/shankarkumar/SpringBoot/Blogify)
2026-01-04 00:23:53,733 [DEBUG] c.s.W.SpringbootApplication [restartedMain] Running with Spring Boot v3.5.9, Spring v6.2.15
2026-01-04 00:23:53,733 [INFO] c.s.W.SpringbootApplication [restartedMain] No active profile set, falling back to 1 default profile: "default"
2026-01-04 00:23:53,832 [INFO] o.s.d.r.c.RepositoryConfigurationDelegate [restartedMain] Bootstrapping Spring Data JPA repositories in DEFAULT mode.
2026-01-04 00:23:53,837 [INFO] o.s.d.r.c.RepositoryConfigurationDelegate [restartedMain] Finished Spring Data repository scanning in 4 ms. Found 3 JPA repository interfaces.
2026-01-04 00:23:53,881 [INFO] o.s.b.w.e.t.TomcatWebServer [restartedMain] Tomcat initialized with port 8080 (http)
2026-01-04 00:23:53,881 [INFO] o.a.c.c.StandardService [restartedMain] Starting service [Tomcat]
2026-01-04 00:23:53,881 [INFO] o.a.c.c.StandardEngine [restartedMain] Starting Servlet engine: [Apache Tomcat/10.1.50]
2026-01-04 00:23:53,887 [INFO] o.a.c.c.C.[.[.[/] [restartedMain] Initializing Spring embedded WebApplicationContext
2026-01-04 00:23:53,887 [INFO] o.s.b.w.s.c.ServletWebServerApplicationContext [restartedMain] Root WebApplicationContext: initialization completed in 153 ms
2026-01-04 00:23:53,921 [INFO] o.h.j.i.u.LogHelper [restartedMain] HHH000204: Processing PersistenceUnitInfo [name: default]
2026-01-04 00:23:53,923 [INFO] o.h.c.i.RegionFactoryInitiator [restartedMain] HHH000026: Second-level cache disabled
2026-01-04 00:23:53,927 [INFO] o.s.o.j.p.SpringPersistenceUnitInfo [restartedMain] No LoadTimeWeaver setup: ignoring JPA class transformer
2026-01-04 00:23:53,927 [INFO] c.z.h.HikariDataSource [restartedMain] HikariPool-5 - Starting...
2026-01-04 00:23:53,929 [INFO] c.z.h.p.HikariPool [restartedMain] HikariPool-5 - Added connection conn98: url=jdbc:h2:mem:testdb user=SA
2026-01-04 00:23:53,929 [INFO] c.z.h.HikariDataSource [restartedMain] HikariPool-5 - Start completed.
2026-01-04 00:23:53,929 [WARN] o.h.o.deprecation [restartedMain] HHH90000025: H2Dialect does not need to be specified explicitly using 'hibernate.dialect' (remove the property setting and it will be selected by default)
2026-01-04 00:23:53,930 [INFO] o.h.o.c.pooling [restartedMain] HHH10001005: Database info:
	Database JDBC URL [Connecting through datasource 'HikariDataSource (HikariPool-5)']
	Database driver: undefined/unknown
	Database version: 2.3.232
	Autocommit mode: undefined/unknown
	Isolation level: undefined/unknown
	Minimum pool size: undefined/unknown
	Maximum pool size: undefined/unknown
2026-01-04 00:23:53,985 [INFO] o.h.e.t.j.p.i.JtaPlatformInitiator [restartedMain] HHH000489: No JTA platform available (set 'hibernate.transaction.jta.platform' to enable JTA platform integration)
2026-01-04 00:23:53,991 [INFO] o.s.o.j.LocalContainerEntityManagerFactoryBean [restartedMain] Initialized JPA EntityManagerFactory for persistence unit 'default'
2026-01-04 00:23:54,066 [WARN] o.s.b.a.o.j.JpaBaseConfiguration$JpaWebConfiguration [restartedMain] spring.jpa.open-in-view is enabled by default. Therefore, database queries may be performed during view rendering. Explicitly configure spring.jpa.open-in-view to disable this warning
2026-01-04 00:23:54,121 [INFO] o.s.b.a.e.w.EndpointLinksResolver [restartedMain] Exposing 1 endpoint beneath base path '/actuator'
2026-01-04 00:23:54,130 [INFO] o.s.s.c.a.a.c.InitializeUserDetailsBeanManagerConfigurer$InitializeUserDetailsManagerConfigurer [restartedMain] Global AuthenticationManager configured with UserDetailsService bean with name accountService
2026-01-04 00:23:54,196 [INFO] o.s.b.d.a.OptionalLiveReloadServer [restartedMain] LiveReload server is running on port 35729
2026-01-04 00:23:54,204 [INFO] o.s.b.w.e.t.TomcatWebServer [restartedMain] Tomcat started on port 8080 (http) with context path '/'
2026-01-04 00:23:54,208 [INFO] c.s.W.SpringbootApplication [restartedMain] Started SpringbootApplication in 0.487 seconds (process running for 10118.616)
2026-01-04 00:23:54,470 [INFO] o.s.b.d.a.ConditionEvaluationDeltaLoggingListener [restartedMain] Condition evaluation unchanged
2026-01-04 00:24:02,147 [INFO] o.a.c.c.C.[.[.[/] [http-nio-8080-exec-1] Initializing Spring DispatcherServlet 'dispatcherServlet'
2026-01-04 00:24:02,147 [INFO] o.s.w.s.DispatcherServlet [http-nio-8080-exec-1] Initializing Servlet 'dispatcherServlet'
2026-01-04 00:24:02,150 [INFO] o.s.w.s.DispatcherServlet [http-nio-8080-exec-1] Completed initialization in 3 ms
2026-01-04 00:26:29,434 [INFO] o.s.b.d.a.LocalDevToolsAutoConfiguration$RestartingClassPathChangeChangedEventListener [File Watcher] Restarting due to 1 class path change (0 additions, 0 deletions, 1 modification)
2026-01-04 00:26:29,437 [INFO] o.s.b.w.e.t.GracefulShutdown [Thread-21] Commencing graceful shutdown. Waiting for active requests to complete
2026-01-04 00:26:29,439 [INFO] o.s.b.w.e.t.GracefulShutdown [tomcat-shutdown] Graceful shutdown complete
2026-01-04 00:26:29,442 [INFO] o.s.o.j.LocalContainerEntityManagerFactoryBean [Thread-21] Closing JPA EntityManagerFactory for persistence unit 'default'
2026-01-04 00:26:29,444 [WARN] o.s.b.f.s.DisposableBeanAdapter [Thread-21] Invocation of destroy method failed on bean with name 'inMemoryDatabaseShutdownExecutor': org.h2.jdbc.JdbcSQLNonTransientConnectionException: Database is already closed (to disable automatic closing at VM shutdown, add ";DB_CLOSE_ON_EXIT=FALSE" to the db URL) [90121-232]
2026-01-04 00:26:29,444 [INFO] c.z.h.HikariDataSource [Thread-21] HikariPool-5 - Shutdown initiated...
2026-01-04 00:26:29,445 [INFO] c.z.h.HikariDataSource [Thread-21] HikariPool-5 - Shutdown completed.
2026-01-04 00:26:29,501 [INFO] c.s.W.SpringbootApplication [restartedMain] Starting SpringbootApplication using Java 21.0.9 with PID 86088 (/Users/shankarkumar/SpringBoot/Blogify/target/classes started by shankarkumar in /Users/shankarkumar/SpringBoot/Blogify)
2026-01-04 00:26:29,501 [DEBUG] c.s.W.SpringbootApplication [restartedMain] Running with Spring Boot v3.5.9, Spring v6.2.15
2026-01-04 00:26:29,501 [INFO] c.s.W.SpringbootApplication [restartedMain] No active profile set, falling back to 1 default profile: "default"
2026-01-04 00:26:29,610 [INFO] o.s.d.r.c.RepositoryConfigurationDelegate [restartedMain] Bootstrapping Spring Data JPA repositories in DEFAULT mode.
2026-01-04 00:26:29,615 [INFO] o.s.d.r.c.RepositoryConfigurationDelegate [restartedMain] Finished Spring Data repository scanning in 4 ms. Found 3 JPA repository interfaces.
2026-01-04 00:26:29,663 [INFO] o.s.b.w.e.t.TomcatWebServer [restartedMain] Tomcat initialized with port 8080 (http)
2026-01-04 00:26:29,663 [INFO] o.a.c.c.StandardService [restartedMain] Starting service [Tomcat]
2026-01-04 00:26:29,663 [INFO] o.a.c.c.StandardEngine [restartedMain] Starting Servlet engine: [Apache Tomcat/10.1.50]
2026-01-04 00:26:29,670 [INFO] o.a.c.c.C.[.[.[/] [restartedMain] Initializing Spring embedded WebApplicationContext
2026-01-04 00:26:29,670 [INFO] o.s.b.w.s.c.ServletWebServerApplicationContext [restartedMain] Root WebApplicationContext: initialization completed in 168 ms
2026-01-04 00:26:29,718 [INFO] o.h.j.i.u.LogHelper [restartedMain] HHH000204: Processing PersistenceUnitInfo [name: default]
2026-01-04 00:26:29,719 [INFO] o.h.c.i.RegionFactoryInitiator [restartedMain] HHH000026: Second-level cache disabled
2026-01-04 00:26:29,730 [INFO] o.s.o.j.p.SpringPersistenceUnitInfo [restartedMain] No LoadTimeWeaver setup: ignoring JPA class transformer
2026-01-04 00:26:29,731 [INFO] c.z.h.HikariDataSource [restartedMain] HikariPool-6 - Starting...
2026-01-04 00:26:29,732 [INFO] c.z.h.p.HikariPool [restartedMain] HikariPool-6 - Added connection conn108: url=jdbc:h2:mem:testdb user=SA
2026-01-04 00:26:29,732 [INFO] c.z.h.HikariDataSource [restartedMain] HikariPool-6 - Start completed.
2026-01-04 00:26:29,733 [WARN] o.h.o.deprecation [restartedMain] HHH90000025: H2Dialect does not need to be specified explicitly using 'hibernate.dialect' (remove the property setting and it will be selected by default)
2026-01-04 00:26:29,733 [INFO] o.h.o.c.pooling [restartedMain] HHH10001005: Database info:
	Database JDBC URL [Connecting through datasource 'HikariDataSource (HikariPool-6)']
	Database driver: undefined/unknown
	Database version: 2.3.232
	Autocommit mode: undefined/unknown
	Isolation level: undefined/unknown
	Minimum pool size: undefined/unknown
	Maximum pool size: undefined/unknown
2026-01-04 00:26:29,789 [INFO] o.h.e.t.j.p.i.JtaPlatformInitiator [restartedMain] HHH000489: No JTA platform available (set 'hibernate.transaction.jta.platform' to enable JTA platform integration)
2026-01-04 00:26:29,798 [INFO] o.s.o.j.LocalContainerEntityManagerFactoryBean [restartedMain] Initialized JPA EntityManagerFactory for persistence unit 'default'
2026-01-04 00:26:29,879 [WARN] o.s.b.a.o.j.JpaBaseConfiguration$JpaWebConfiguration [restartedMain] spring.jpa.open-in-view is enabled by default. Therefore, database queries may be performed during view rendering. Explicitly configure spring.jpa.open-in-view to disable this warning
2026-01-04 00:26:29,959 [INFO] o.s.b.a.e.w.EndpointLinksResolver [restartedMain] Exposing 1 endpoint beneath base path '/actuator'
2026-01-04 00:26:29,970 [INFO] o.s.s.c.a.a.c.InitializeUserDetailsBeanManagerConfigurer$InitializeUserDetailsManagerConfigurer [restartedMain] Global AuthenticationManager configured with UserDetailsService bean with name accountService
2026-01-04 00:26:30,042 [INFO] o.s.b.d.a.OptionalLiveReloadServer [restartedMain] LiveReload server is running on port 35729
2026-01-04 00:26:30,051 [INFO] o.s.b.w.e.t.TomcatWebServer [restartedMain] Tomcat started on port 8080 (http) with context path '/'
2026-01-04 00:26:30,055 [INFO] c.s.W.SpringbootApplication [restartedMain] Started SpringbootApplication in 0.566 seconds (process running for 10274.444)
2026-01-04 00:26:30,323 [INFO] o.s.b.d.a.ConditionEvaluationDeltaLoggingListener [restartedMain] Condition evaluation unchanged
2026-01-04 00:26:35,125 [INFO] o.a.c.c.C.[.[.[/] [http-nio-8080-exec-1] Initializing Spring DispatcherServlet 'dispatcherServlet'
2026-01-04 00:26:35,125 [INFO] o.s.w.s.DispatcherServlet [http-nio-8080-exec-1] Initializing Servlet 'dispatcherServlet'
2026-01-04 00:26:35,127 [INFO] o.s.w.s.DispatcherServlet [http-nio-8080-exec-1] Completed initialization in 2 ms
2026-01-04 00:27:08,884 [INFO] o.s.b.d.a.LocalDevToolsAutoConfiguration$RestartingClassPathChangeChangedEventListener [File Watcher] Restarting due to 1 class path change (0 additions, 0 deletions, 1 modification)
2026-01-04 00:27:08,886 [INFO] o.s.b.w.e.t.GracefulShutdown [Thread-25] Commencing graceful shutdown. Waiting for active requests to complete
2026-01-04 00:27:08,888 [INFO] o.s.b.w.e.t.GracefulShutdown [tomcat-shutdown] Graceful shutdown complete
2026-01-04 00:27:08,890 [INFO] o.s.o.j.LocalContainerEntityManagerFactoryBean [Thread-25] Closing JPA EntityManagerFactory for persistence unit 'default'
2026-01-04 00:27:08,892 [WARN] o.s.b.f.s.DisposableBeanAdapter [Thread-25] Invocation of destroy method failed on bean with name 'inMemoryDatabaseShutdownExecutor': org.h2.jdbc.JdbcSQLNonTransientConnectionException: Database is already closed (to disable automatic closing at VM shutdown, add ";DB_CLOSE_ON_EXIT=FALSE" to the db URL) [90121-232]
2026-01-04 00:27:08,892 [INFO] c.z.h.HikariDataSource [Thread-25] HikariPool-6 - Shutdown initiated...
2026-01-04 00:27:08,893 [INFO] c.z.h.HikariDataSource [Thread-25] HikariPool-6 - Shutdown completed.
2026-01-04 00:27:08,946 [INFO] c.s.W.SpringbootApplication [restartedMain] Starting SpringbootApplication using Java 21.0.9 with PID 86088 (/Users/shankarkumar/SpringBoot/Blogify/target/classes started by shankarkumar in /Users/shankarkumar/SpringBoot/Blogify)
2026-01-04 00:27:08,946 [DEBUG] c.s.W.SpringbootApplication [restartedMain] Running with Spring Boot v3.5.9, Spring v6.2.15
2026-01-04 00:27:08,946 [INFO] c.s.W.SpringbootApplication [restartedMain] No active profile set, falling back to 1 default profile: "default"
2026-01-04 00:27:09,030 [INFO] o.s.d.r.c.RepositoryConfigurationDelegate [restartedMain] Bootstrapping Spring Data JPA repositories in DEFAULT mode.
2026-01-04 00:27:09,035 [INFO] o.s.d.r.c.RepositoryConfigurationDelegate [restartedMain] Finished Spring Data repository scanning in 3 ms. Found 3 JPA repository interfaces.
2026-01-04 00:27:09,075 [INFO] o.s.b.w.e.t.TomcatWebServer [restartedMain] Tomcat initialized with port 8080 (http)
2026-01-04 00:27:09,076 [INFO] o.a.c.c.StandardService [restartedMain] Starting service [Tomcat]
2026-01-04 00:27:09,076 [INFO] o.a.c.c.StandardEngine [restartedMain] Starting Servlet engine: [Apache Tomcat/10.1.50]
2026-01-04 00:27:09,081 [INFO] o.a.c.c.C.[.[.[/] [restartedMain] Initializing Spring embedded WebApplicationContext
2026-01-04 00:27:09,081 [INFO] o.s.b.w.s.c.ServletWebServerApplicationContext [restartedMain] Root WebApplicationContext: initialization completed in 134 ms
2026-01-04 00:27:09,120 [INFO] o.h.j.i.u.LogHelper [restartedMain] HHH000204: Processing PersistenceUnitInfo [name: default]
2026-01-04 00:27:09,122 [INFO] o.h.c.i.RegionFactoryInitiator [restartedMain] HHH000026: Second-level cache disabled
2026-01-04 00:27:09,127 [INFO] o.s.o.j.p.SpringPersistenceUnitInfo [restartedMain] No LoadTimeWeaver setup: ignoring JPA class transformer
2026-01-04 00:27:09,127 [INFO] c.z.h.HikariDataSource [restartedMain] HikariPool-7 - Starting...
2026-01-04 00:27:09,129 [INFO] c.z.h.p.HikariPool [restartedMain] HikariPool-7 - Added connection conn118: url=jdbc:h2:mem:testdb user=SA
2026-01-04 00:27:09,129 [INFO] c.z.h.HikariDataSource [restartedMain] HikariPool-7 - Start completed.
2026-01-04 00:27:09,129 [WARN] o.h.o.deprecation [restartedMain] HHH90000025: H2Dialect does not need to be specified explicitly using 'hibernate.dialect' (remove the property setting and it will be selected by default)
2026-01-04 00:27:09,129 [INFO] o.h.o.c.pooling [restartedMain] HHH10001005: Database info:
	Database JDBC URL [Connecting through datasource 'HikariDataSource (HikariPool-7)']
	Database driver: undefined/unknown
	Database version: 2.3.232
	Autocommit mode: undefined/unknown
	Isolation level: undefined/unknown
	Minimum pool size: undefined/unknown
	Maximum pool size: undefined/unknown
2026-01-04 00:27:09,189 [INFO] o.h.e.t.j.p.i.JtaPlatformInitiator [restartedMain] HHH000489: No JTA platform available (set 'hibernate.transaction.jta.platform' to enable JTA platform integration)
2026-01-04 00:27:09,195 [INFO] o.s.o.j.LocalContainerEntityManagerFactoryBean [restartedMain] Initialized JPA EntityManagerFactory for persistence unit 'default'
2026-01-04 00:27:09,258 [WARN] o.s.b.a.o.j.JpaBaseConfiguration$JpaWebConfiguration [restartedMain] spring.jpa.open-in-view is enabled by default. Therefore, database queries may be performed during view rendering. Explicitly configure spring.jpa.open-in-view to disable this warning
2026-01-04 00:27:09,308 [INFO] o.s.b.a.e.w.EndpointLinksResolver [restartedMain] Exposing 1 endpoint beneath base path '/actuator'
2026-01-04 00:27:09,316 [INFO] o.s.s.c.a.a.c.InitializeUserDetailsBeanManagerConfigurer$InitializeUserDetailsManagerConfigurer [restartedMain] Global AuthenticationManager configured with UserDetailsService bean with name accountService
2026-01-04 00:27:09,372 [INFO] o.s.b.d.a.OptionalLiveReloadServer [restartedMain] LiveReload server is running on port 35729
2026-01-04 00:27:09,379 [INFO] o.s.b.w.e.t.TomcatWebServer [restartedMain] Tomcat started on port 8080 (http) with context path '/'
2026-01-04 00:27:09,382 [INFO] c.s.W.SpringbootApplication [restartedMain] Started SpringbootApplication in 0.446 seconds (process running for 10313.772)
2026-01-04 00:27:09,645 [INFO] o.s.b.d.a.ConditionEvaluationDeltaLoggingListener [restartedMain] Condition evaluation unchanged
2026-01-04 00:27:10,641 [INFO] o.a.c.c.C.[.[.[/] [http-nio-8080-exec-1] Initializing Spring DispatcherServlet 'dispatcherServlet'
2026-01-04 00:27:10,641 [INFO] o.s.w.s.DispatcherServlet [http-nio-8080-exec-1] Initializing Servlet 'dispatcherServlet'
2026-01-04 00:27:10,642 [INFO] o.s.w.s.DispatcherServlet [http-nio-8080-exec-1] Completed initialization in 0 ms
2026-01-04 00:27:48,213 [INFO] o.s.b.d.a.LocalDevToolsAutoConfiguration$RestartingClassPathChangeChangedEventListener [File Watcher] Restarting due to 1 class path change (0 additions, 0 deletions, 1 modification)
2026-01-04 00:27:48,216 [INFO] o.s.b.w.e.t.GracefulShutdown [Thread-29] Commencing graceful shutdown. Waiting for active requests to complete
2026-01-04 00:27:48,220 [INFO] o.s.b.w.e.t.GracefulShutdown [tomcat-shutdown] Graceful shutdown complete
2026-01-04 00:27:48,222 [INFO] o.s.o.j.LocalContainerEntityManagerFactoryBean [Thread-29] Closing JPA EntityManagerFactory for persistence unit 'default'
2026-01-04 00:27:48,224 [WARN] o.s.b.f.s.DisposableBeanAdapter [Thread-29] Invocation of destroy method failed on bean with name 'inMemoryDatabaseShutdownExecutor': org.h2.jdbc.JdbcSQLNonTransientConnectionException: Database is already closed (to disable automatic closing at VM shutdown, add ";DB_CLOSE_ON_EXIT=FALSE" to the db URL) [90121-232]
2026-01-04 00:27:48,225 [INFO] c.z.h.HikariDataSource [Thread-29] HikariPool-7 - Shutdown initiated...
2026-01-04 00:27:48,225 [INFO] c.z.h.HikariDataSource [Thread-29] HikariPool-7 - Shutdown completed.
2026-01-04 00:27:48,301 [INFO] c.s.W.SpringbootApplication [restartedMain] Starting SpringbootApplication using Java 21.0.9 with PID 86088 (/Users/shankarkumar/SpringBoot/Blogify/target/classes started by shankarkumar in /Users/shankarkumar/SpringBoot/Blogify)
2026-01-04 00:27:48,301 [DEBUG] c.s.W.SpringbootApplication [restartedMain] Running with Spring Boot v3.5.9, Spring v6.2.15
2026-01-04 00:27:48,301 [INFO] c.s.W.SpringbootApplication [restartedMain] No active profile set, falling back to 1 default profile: "default"
2026-01-04 00:27:48,419 [INFO] o.s.d.r.c.RepositoryConfigurationDelegate [restartedMain] Bootstrapping Spring Data JPA repositories in DEFAULT mode.
2026-01-04 00:27:48,427 [INFO] o.s.d.r.c.RepositoryConfigurationDelegate [restartedMain] Finished Spring Data repository scanning in 6 ms. Found 3 JPA repository interfaces.
2026-01-04 00:27:48,480 [INFO] o.s.b.w.e.t.TomcatWebServer [restartedMain] Tomcat initialized with port 8080 (http)
2026-01-04 00:27:48,481 [INFO] o.a.c.c.StandardService [restartedMain] Starting service [Tomcat]
2026-01-04 00:27:48,481 [INFO] o.a.c.c.StandardEngine [restartedMain] Starting Servlet engine: [Apache Tomcat/10.1.50]
2026-01-04 00:27:48,489 [INFO] o.a.c.c.C.[.[.[/] [restartedMain] Initializing Spring embedded WebApplicationContext
2026-01-04 00:27:48,489 [INFO] o.s.b.w.s.c.ServletWebServerApplicationContext [restartedMain] Root WebApplicationContext: initialization completed in 187 ms
2026-01-04 00:27:48,539 [INFO] o.h.j.i.u.LogHelper [restartedMain] HHH000204: Processing PersistenceUnitInfo [name: default]
2026-01-04 00:27:48,541 [INFO] o.h.c.i.RegionFactoryInitiator [restartedMain] HHH000026: Second-level cache disabled
2026-01-04 00:27:48,546 [INFO] o.s.o.j.p.SpringPersistenceUnitInfo [restartedMain] No LoadTimeWeaver setup: ignoring JPA class transformer
2026-01-04 00:27:48,547 [INFO] c.z.h.HikariDataSource [restartedMain] HikariPool-8 - Starting...
2026-01-04 00:27:48,549 [INFO] c.z.h.p.HikariPool [restartedMain] HikariPool-8 - Added connection conn128: url=jdbc:h2:mem:testdb user=SA
2026-01-04 00:27:48,549 [INFO] c.z.h.HikariDataSource [restartedMain] HikariPool-8 - Start completed.
2026-01-04 00:27:48,549 [WARN] o.h.o.deprecation [restartedMain] HHH90000025: H2Dialect does not need to be specified explicitly using 'hibernate.dialect' (remove the property setting and it will be selected by default)
2026-01-04 00:27:48,549 [INFO] o.h.o.c.pooling [restartedMain] HHH10001005: Database info:
	Database JDBC URL [Connecting through datasource 'HikariDataSource (HikariPool-8)']
	Database driver: undefined/unknown
	Database version: 2.3.232
	Autocommit mode: undefined/unknown
	Isolation level: undefined/unknown
	Minimum pool size: undefined/unknown
	Maximum pool size: undefined/unknown
2026-01-04 00:27:48,593 [INFO] o.h.e.t.j.p.i.JtaPlatformInitiator [restartedMain] HHH000489: No JTA platform available (set 'hibernate.transaction.jta.platform' to enable JTA platform integration)
2026-01-04 00:27:48,599 [INFO] o.s.o.j.LocalContainerEntityManagerFactoryBean [restartedMain] Initialized JPA EntityManagerFactory for persistence unit 'default'
2026-01-04 00:27:48,661 [WARN] o.s.b.a.o.j.JpaBaseConfiguration$JpaWebConfiguration [restartedMain] spring.jpa.open-in-view is enabled by default. Therefore, database queries may be performed during view rendering. Explicitly configure spring.jpa.open-in-view to disable this warning
2026-01-04 00:27:48,708 [INFO] o.s.b.a.e.w.EndpointLinksResolver [restartedMain] Exposing 1 endpoint beneath base path '/actuator'
2026-01-04 00:27:48,719 [INFO] o.s.s.c.a.a.c.InitializeUserDetailsBeanManagerConfigurer$InitializeUserDetailsManagerConfigurer [restartedMain] Global AuthenticationManager configured with UserDetailsService bean with name accountService
2026-01-04 00:27:48,787 [INFO] o.s.b.d.a.OptionalLiveReloadServer [restartedMain] LiveReload server is running on port 35729
2026-01-04 00:27:48,795 [INFO] o.s.b.w.e.t.TomcatWebServer [restartedMain] Tomcat started on port 8080 (http) with context path '/'
2026-01-04 00:27:48,799 [INFO] c.s.W.SpringbootApplication [restartedMain] Started SpringbootApplication in 0.512 seconds (process running for 10353.188)
2026-01-04 00:27:49,079 [INFO] o.s.b.d.a.ConditionEvaluationDeltaLoggingListener [restartedMain] Condition evaluation unchanged
2026-01-04 00:27:51,725 [INFO] o.a.c.c.C.[.[.[/] [http-nio-8080-exec-1] Initializing Spring DispatcherServlet 'dispatcherServlet'
2026-01-04 00:27:51,725 [INFO] o.s.w.s.DispatcherServlet [http-nio-8080-exec-1] Initializing Servlet 'dispatcherServlet'
2026-01-04 00:27:51,726 [INFO] o.s.w.s.DispatcherServlet [http-nio-8080-exec-1] Completed initialization in 1 ms
2026-01-04 00:29:09,563 [INFO] o.s.b.d.a.LocalDevToolsAutoConfiguration$RestartingClassPathChangeChangedEventListener [File Watcher] Restarting due to 1 class path change (0 additions, 0 deletions, 1 modification)
2026-01-04 00:29:09,567 [INFO] o.s.b.w.e.t.GracefulShutdown [Thread-33] Commencing graceful shutdown. Waiting for active requests to complete
2026-01-04 00:29:09,569 [INFO] o.s.b.w.e.t.GracefulShutdown [tomcat-shutdown] Graceful shutdown complete
2026-01-04 00:29:09,572 [INFO] o.s.o.j.LocalContainerEntityManagerFactoryBean [Thread-33] Closing JPA EntityManagerFactory for persistence unit 'default'
2026-01-04 00:29:09,573 [WARN] o.s.b.f.s.DisposableBeanAdapter [Thread-33] Invocation of destroy method failed on bean with name 'inMemoryDatabaseShutdownExecutor': org.h2.jdbc.JdbcSQLNonTransientConnectionException: Database is already closed (to disable automatic closing at VM shutdown, add ";DB_CLOSE_ON_EXIT=FALSE" to the db URL) [90121-232]
2026-01-04 00:29:09,574 [INFO] c.z.h.HikariDataSource [Thread-33] HikariPool-8 - Shutdown initiated...
2026-01-04 00:29:09,574 [INFO] c.z.h.HikariDataSource [Thread-33] HikariPool-8 - Shutdown completed.
2026-01-04 00:29:09,649 [INFO] c.s.W.SpringbootApplication [restartedMain] Starting SpringbootApplication using Java 21.0.9 with PID 86088 (/Users/shankarkumar/SpringBoot/Blogify/target/classes started by shankarkumar in /Users/shankarkumar/SpringBoot/Blogify)
2026-01-04 00:29:09,649 [DEBUG] c.s.W.SpringbootApplication [restartedMain] Running with Spring Boot v3.5.9, Spring v6.2.15
2026-01-04 00:29:09,649 [INFO] c.s.W.SpringbootApplication [restartedMain] No active profile set, falling back to 1 default profile: "default"
2026-01-04 00:29:09,771 [INFO] o.s.d.r.c.RepositoryConfigurationDelegate [restartedMain] Bootstrapping Spring Data JPA repositories in DEFAULT mode.
2026-01-04 00:29:09,776 [INFO] o.s.d.r.c.RepositoryConfigurationDelegate [restartedMain] Finished Spring Data repository scanning in 5 ms. Found 3 JPA repository interfaces.
2026-01-04 00:29:09,826 [INFO] o.s.b.w.e.t.TomcatWebServer [restartedMain] Tomcat initialized with port 8080 (http)
2026-01-04 00:29:09,827 [INFO] o.a.c.c.StandardService [restartedMain] Starting service [Tomcat]
2026-01-04 00:29:09,827 [INFO] o.a.c.c.StandardEngine [restartedMain] Starting Servlet engine: [Apache Tomcat/10.1.50]
2026-01-04 00:29:09,833 [INFO] o.a.c.c.C.[.[.[/] [restartedMain] Initializing Spring embedded WebApplicationContext
2026-01-04 00:29:09,833 [INFO] o.s.b.w.s.c.ServletWebServerApplicationContext [restartedMain] Root WebApplicationContext: initialization completed in 183 ms
2026-01-04 00:29:09,864 [INFO] o.h.j.i.u.LogHelper [restartedMain] HHH000204: Processing PersistenceUnitInfo [name: default]
2026-01-04 00:29:09,865 [INFO] o.h.c.i.RegionFactoryInitiator [restartedMain] HHH000026: Second-level cache disabled
2026-01-04 00:29:09,869 [INFO] o.s.o.j.p.SpringPersistenceUnitInfo [restartedMain] No LoadTimeWeaver setup: ignoring JPA class transformer
2026-01-04 00:29:09,869 [INFO] c.z.h.HikariDataSource [restartedMain] HikariPool-9 - Starting...
2026-01-04 00:29:09,870 [INFO] c.z.h.p.HikariPool [restartedMain] HikariPool-9 - Added connection conn138: url=jdbc:h2:mem:testdb user=SA
2026-01-04 00:29:09,871 [INFO] c.z.h.HikariDataSource [restartedMain] HikariPool-9 - Start completed.
2026-01-04 00:29:09,871 [WARN] o.h.o.deprecation [restartedMain] HHH90000025: H2Dialect does not need to be specified explicitly using 'hibernate.dialect' (remove the property setting and it will be selected by default)
2026-01-04 00:29:09,871 [INFO] o.h.o.c.pooling [restartedMain] HHH10001005: Database info:
	Database JDBC URL [Connecting through datasource 'HikariDataSource (HikariPool-9)']
	Database driver: undefined/unknown
	Database version: 2.3.232
	Autocommit mode: undefined/unknown
	Isolation level: undefined/unknown
	Minimum pool size: undefined/unknown
	Maximum pool size: undefined/unknown
2026-01-04 00:29:09,909 [INFO] o.h.e.t.j.p.i.JtaPlatformInitiator [restartedMain] HHH000489: No JTA platform available (set 'hibernate.transaction.jta.platform' to enable JTA platform integration)
2026-01-04 00:29:09,914 [INFO] o.s.o.j.LocalContainerEntityManagerFactoryBean [restartedMain] Initialized JPA EntityManagerFactory for persistence unit 'default'
2026-01-04 00:29:09,967 [WARN] o.s.b.a.o.j.JpaBaseConfiguration$JpaWebConfiguration [restartedMain] spring.jpa.open-in-view is enabled by default. Therefore, database queries may be performed during view rendering. Explicitly configure spring.jpa.open-in-view to disable this warning
2026-01-04 00:29:10,013 [INFO] o.s.b.a.e.w.EndpointLinksResolver [restartedMain] Exposing 1 endpoint beneath base path '/actuator'
2026-01-04 00:29:10,021 [INFO] o.s.s.c.a.a.c.InitializeUserDetailsBeanManagerConfigurer$InitializeUserDetailsManagerConfigurer [restartedMain] Global AuthenticationManager configured with UserDetailsService bean with name accountService
2026-01-04 00:29:10,092 [INFO] o.s.b.d.a.OptionalLiveReloadServer [restartedMain] LiveReload server is running on port 35729
2026-01-04 00:29:10,104 [INFO] o.s.b.w.e.t.TomcatWebServer [restartedMain] Tomcat started on port 8080 (http) with context path '/'
2026-01-04 00:29:10,107 [INFO] c.s.W.SpringbootApplication [restartedMain] Started SpringbootApplication in 0.471 seconds (process running for 10434.497)
2026-01-04 00:29:10,453 [INFO] o.s.b.d.a.ConditionEvaluationDeltaLoggingListener [restartedMain] Condition evaluation unchanged
2026-01-04 00:32:46,946 [INFO] o.s.b.d.a.LocalDevToolsAutoConfiguration$RestartingClassPathChangeChangedEventListener [File Watcher] Restarting due to 8 class path changes (0 additions, 0 deletions, 8 modifications)
2026-01-04 00:32:46,947 [INFO] o.s.b.w.e.t.GracefulShutdown [Thread-37] Commencing graceful shutdown. Waiting for active requests to complete
2026-01-04 00:32:46,949 [INFO] o.s.b.w.e.t.GracefulShutdown [tomcat-shutdown] Graceful shutdown complete
2026-01-04 00:32:46,951 [INFO] o.s.o.j.LocalContainerEntityManagerFactoryBean [Thread-37] Closing JPA EntityManagerFactory for persistence unit 'default'
2026-01-04 00:32:46,952 [WARN] o.s.b.f.s.DisposableBeanAdapter [Thread-37] Invocation of destroy method failed on bean with name 'inMemoryDatabaseShutdownExecutor': org.h2.jdbc.JdbcSQLNonTransientConnectionException: Database is already closed (to disable automatic closing at VM shutdown, add ";DB_CLOSE_ON_EXIT=FALSE" to the db URL) [90121-232]
2026-01-04 00:32:46,952 [INFO] c.z.h.HikariDataSource [Thread-37] HikariPool-9 - Shutdown initiated...
2026-01-04 00:32:46,953 [INFO] c.z.h.HikariDataSource [Thread-37] HikariPool-9 - Shutdown completed.
